<?xml version="1.0" encoding="UTF-8"?>
<testng-results ignored="0" total="1" passed="1" failed="0" skipped="0">
  <reporter-output>
  </reporter-output>
  <suite started-at="2025-02-09T17:52:06 IST" name="Cucumber Suite" finished-at="2025-02-09T17:52:35 IST" duration-ms="29358">
    <groups>
      <group name="cucumber">
        <method signature="AbstractTestNGCucumberTests.runScenario(io.cucumber.testng.PickleWrapper,io.cucumber.testng.FeatureWrapper)[pri:0, instance:TestRunner.TestNGRunner@72967906]" name="runScenario" class="io.cucumber.testng.AbstractTestNGCucumberTests"/>
      </group> <!-- cucumber -->
    </groups>
    <test started-at="2025-02-09T17:52:06 IST" name="Cucumber Tests" finished-at="2025-02-09T17:52:35 IST" duration-ms="29358">
      <class name="TestRunner.TestNGRunner">
        <test-method is-config="true" signature="setUpClass()[pri:0, instance:TestRunner.TestNGRunner@72967906]" started-at="2025-02-09T17:52:06 IST" name="setUpClass" finished-at="2025-02-09T17:52:06 IST" duration-ms="346" status="PASS">
          <reporter-output>
          </reporter-output>
        </test-method> <!-- setUpClass -->
        <test-method signature="runScenario(io.cucumber.testng.PickleWrapper,io.cucumber.testng.FeatureWrapper)[pri:0, instance:TestRunner.TestNGRunner@72967906]" started-at="2025-02-09T17:52:06 IST" name="runScenario" description="Runs Cucumber Scenarios" data-provider="scenarios" finished-at="2025-02-09T17:52:35 IST" duration-ms="28934" status="PASS">
          <params>
            <param index="0">
              <value>
                <![CDATA["Tarak mehta ka ulta chasma"]]>
              </value>
            </param>
            <param index="1">
              <value>
                <![CDATA["Optional[TMKOC]"]]>
              </value>
            </param>
          </params>
          <reporter-output>
          </reporter-output>
        </test-method> <!-- runScenario -->
        <test-method is-config="true" signature="tearDownClass()[pri:0, instance:TestRunner.TestNGRunner@72967906]" started-at="2025-02-09T17:52:35 IST" name="tearDownClass" finished-at="2025-02-09T17:52:35 IST" duration-ms="51" status="PASS">
          <reporter-output>
          </reporter-output>
        </test-method> <!-- tearDownClass -->
      </class> <!-- TestRunner.TestNGRunner -->
    </test> <!-- Cucumber Tests -->
  </suite> <!-- Cucumber Suite -->
</testng-results>
